d:\projects\leon\tut02_vertices\vertices\x64\debug\vc143.pdb
d:\projects\leon\tut02_vertices\vertices\x64\debug\vertices.obj
d:\projects\leon\tut02_vertices\x64\debug\vertices.exe
d:\projects\leon\tut02_vertices\x64\debug\vertices.pdb
d:\projects\leon\tut02_vertices\vertices\x64\debug\vertices.res
d:\projects\leon\tut02_vertices\vertices\x64\debug\vertices.ilk
d:\projects\leon\dx9_ui\vertices\x64\debug\vertices.obj
d:\projects\leon\dx9_ui\vertices\x64\debug\vertices.ilk
d:\projects\leon\dx9_ui\vertices\x64\debug\vertices.res
d:\projects\leon\dx9_ui\vertices\x64\debug\vc143.pdb
d:\projects\leon\dx9_ui\vertices\x64\debug\vertices.tlog\cl.command.1.tlog
d:\projects\leon\dx9_ui\vertices\x64\debug\vertices.tlog\cl.items.tlog
d:\projects\leon\dx9_ui\vertices\x64\debug\vertices.tlog\cl.read.1.tlog
d:\projects\leon\dx9_ui\vertices\x64\debug\vertices.tlog\cl.write.1.tlog
d:\projects\leon\dx9_ui\vertices\x64\debug\vertices.tlog\link.command.1.tlog
d:\projects\leon\dx9_ui\vertices\x64\debug\vertices.tlog\link.read.1.tlog
d:\projects\leon\dx9_ui\vertices\x64\debug\vertices.tlog\link.secondary.1.tlog
d:\projects\leon\dx9_ui\vertices\x64\debug\vertices.tlog\link.write.1.tlog
d:\projects\leon\dx9_ui\vertices\x64\debug\vertices.tlog\rc.command.1.tlog
d:\projects\leon\dx9_ui\vertices\x64\debug\vertices.tlog\rc.read.1.tlog
d:\projects\leon\dx9_ui\vertices\x64\debug\vertices.tlog\rc.write.1.tlog
